<?xml version="1.0" encoding="UTF-8"?>
<!-- Generated by org.testng.reporters.JUnitXMLReporter -->
<testsuite ignored="1" hostname="IXC1-LT6QQQ3X2" failures="0" tests="2" name="Default test" time="95.362" errors="0" timestamp="2021-08-26T14:53:32 IST">
  <testcase classname="com.inetbanking.qa.testcases.PracticeFormPageTest" name="validateStudentRegistrationFormTest" time="5.713"/>
  <testcase classname="com.inetbanking.qa.testcases.PracticeFormPageTest" name="validateStudentRegistrationFormTest" time="5.795"/>
  <testcase classname="com.inetbanking.qa.testcases.PracticeFormPageTest" name="fillStudentRegistrationFormTest" time="0.0">
    <ignored/>
  </testcase> <!-- fillStudentRegistrationFormTest -->
</testsuite> <!-- Default test -->
