<?xml version="1.0" encoding="UTF-8"?>
<testng-results ignored="1" total="3" passed="2" failed="0" skipped="0">
  <reporter-output>
  </reporter-output>
  <suite started-at="2021-08-26T14:51:57 IST" name="Default suite" finished-at="2021-08-26T14:53:32 IST" duration-ms="95362">
    <groups>
    </groups>
    <test started-at="2021-08-26T14:51:57 IST" name="Default test" finished-at="2021-08-26T14:53:32 IST" duration-ms="95362">
      <class name="com.inetbanking.qa.testcases.PracticeFormPageTest">
        <test-method is-config="true" signature="setUp()[pri:0, instance:com.inetbanking.qa.testcases.PracticeFormPageTest@4cc8eb05]" started-at="2021-08-26T14:51:57 IST" name="setUp" finished-at="2021-08-26T14:52:38 IST" duration-ms="40494" status="PASS">
          <reporter-output>
          </reporter-output>
        </test-method> <!-- setUp -->
        <test-method signature="validateStudentRegistrationFormTest(java.lang.String, java.lang.String, java.lang.String, java.lang.String, java.lang.String, java.lang.String)[pri:2, instance:com.inetbanking.qa.testcases.PracticeFormPageTest@4cc8eb05]" started-at="2021-08-26T14:52:38 IST" name="validateStudentRegistrationFormTest" data-provider="getTestDataFromExcel" finished-at="2021-08-26T14:52:43 IST" duration-ms="5713" status="PASS">
          <params>
            <param index="0">
              <value>
                <![CDATA[Yogesh]]>
              </value>
            </param>
            <param index="1">
              <value>
                <![CDATA[Chugh]]>
              </value>
            </param>
            <param index="2">
              <value>
                <![CDATA[Yogesh@test.com]]>
              </value>
            </param>
            <param index="3">
              <value>
                <![CDATA[5.623456589E9]]>
              </value>
            </param>
            <param index="4">
              <value>
                <![CDATA[Hindi]]>
              </value>
            </param>
            <param index="5">
              <value>
                <![CDATA[India]]>
              </value>
            </param>
          </params>
          <reporter-output>
          </reporter-output>
        </test-method> <!-- validateStudentRegistrationFormTest -->
        <test-method is-config="true" signature="tearDown()[pri:0, instance:com.inetbanking.qa.testcases.PracticeFormPageTest@4cc8eb05]" started-at="2021-08-26T14:52:43 IST" name="tearDown" finished-at="2021-08-26T14:52:45 IST" duration-ms="1182" status="PASS">
          <reporter-output>
          </reporter-output>
        </test-method> <!-- tearDown -->
        <test-method is-config="true" signature="setUp()[pri:0, instance:com.inetbanking.qa.testcases.PracticeFormPageTest@4cc8eb05]" started-at="2021-08-26T14:52:45 IST" name="setUp" finished-at="2021-08-26T14:53:25 IST" duration-ms="40531" status="PASS">
          <reporter-output>
          </reporter-output>
        </test-method> <!-- setUp -->
        <test-method signature="validateStudentRegistrationFormTest(java.lang.String, java.lang.String, java.lang.String, java.lang.String, java.lang.String, java.lang.String)[pri:2, instance:com.inetbanking.qa.testcases.PracticeFormPageTest@4cc8eb05]" started-at="2021-08-26T14:53:25 IST" name="validateStudentRegistrationFormTest" data-provider="getTestDataFromExcel" finished-at="2021-08-26T14:53:31 IST" duration-ms="5795" status="PASS">
          <params>
            <param index="0">
              <value>
                <![CDATA[Ankit]]>
              </value>
            </param>
            <param index="1">
              <value>
                <![CDATA[Chabra]]>
              </value>
            </param>
            <param index="2">
              <value>
                <![CDATA[Ankit@test.com]]>
              </value>
            </param>
            <param index="3">
              <value>
                <![CDATA[1.23456789E9]]>
              </value>
            </param>
            <param index="4">
              <value>
                <![CDATA[English]]>
              </value>
            </param>
            <param index="5">
              <value>
                <![CDATA[England]]>
              </value>
            </param>
          </params>
          <reporter-output>
          </reporter-output>
        </test-method> <!-- validateStudentRegistrationFormTest -->
        <test-method is-config="true" signature="tearDown()[pri:0, instance:com.inetbanking.qa.testcases.PracticeFormPageTest@4cc8eb05]" started-at="2021-08-26T14:53:31 IST" name="tearDown" finished-at="2021-08-26T14:53:32 IST" duration-ms="1149" status="PASS">
          <reporter-output>
          </reporter-output>
        </test-method> <!-- tearDown -->
      </class> <!-- com.inetbanking.qa.testcases.PracticeFormPageTest -->
    </test> <!-- Default test -->
  </suite> <!-- Default suite -->
</testng-results>
