<?xml version="1.0" encoding="UTF-8"?>
<!-- Generated by org.testng.reporters.JUnitXMLReporter -->
<testsuite ignored="0" hostname="IXC1-LT6QQQ3X2" failures="1" tests="3" name="Regression" time="54.68" errors="0" timestamp="23 Aug 2021 11:50:56 GMT">
  <testcase classname="com.inetbanking.qa.testcases.LoginPageTest" name="loginPageTitleTest" time="0.011"/>
  <testcase classname="com.inetbanking.qa.testcases.LoginPageTest" name="loginHeaderTest" time="0.05"/>
  <testcase classname="com.inetbanking.qa.testcases.LoginPageTest" name="loginTest" time="0.207">
    <failure type="java.lang.NullPointerException" message="Cannot invoke &amp;quot;org.openqa.selenium.WebElement.isDisplayed()&amp;quot; because &amp;quot;this.profileHeader&amp;quot; is null">
      <![CDATA[java.lang.NullPointerException: Cannot invoke "org.openqa.selenium.WebElement.isDisplayed()" because "this.profileHeader" is null
at com.inetbanking.qa.pages.ProfilePage.validateProfileHeader(ProfilePage.java:14)
at com.inetbanking.qa.testcases.LoginPageTest.loginTest(LoginPageTest.java:43)
... Removed 25 stack frames]]>
    </failure>
  </testcase> <!-- loginTest -->
</testsuite> <!-- Regression -->
